<?xml version="1.0" encoding="UTF-8"?>
<!-- Generated by org.testng.reporters.JUnitReportReporter -->
<testsuite hostname="BTWINx3JiTTTbXt" failures="0" tests="3" name="TestScenarios.TestMethods_GoogleSearch" time="21.387" errors="0" timestamp="2022-10-08T15:06:49 IST" skipped="0">
  <testcase classname="TestScenarios.TestMethods_GoogleSearch" name="searchOperation" time="10.288"/>
  <system-out/>
  <testcase classname="TestScenarios.TestMethods_GoogleSearch" name="clickStackoverFlow" time="2.376"/>
  <system-out/>
  <testcase classname="TestScenarios.TestMethods_GoogleSearch" name="verifyLogin" time="8.723"/>
  <system-out/>
</testsuite> <!-- TestScenarios.TestMethods_GoogleSearch -->
